2021-09-02 09:44:31,190 - INFO - edit_date.py - edit_date - login - ログインしました
2021-09-02 09:44:37,243 - INFO - edit_date.py - edit_date - edit_date - 出品管理へ遷移しました
2021-09-02 09:44:44,679 - INFO - edit_date.py - edit_date - edit_date - 日付変更処理が開始されました
2021-09-02 09:44:48,346 - INFO - edit_date.py - edit_date - edit_date - 1/16完了
2021-09-02 09:44:52,028 - INFO - edit_date.py - edit_date - edit_date - 2/16完了
2021-09-02 09:44:55,845 - INFO - edit_date.py - edit_date - edit_date - 3/16完了
2021-09-02 09:44:59,445 - INFO - edit_date.py - edit_date - edit_date - 4/16完了
2021-09-02 09:45:02,983 - INFO - edit_date.py - edit_date - edit_date - 5/16完了
2021-09-02 09:45:06,558 - INFO - edit_date.py - edit_date - edit_date - 6/16完了
2021-09-02 09:45:10,088 - INFO - edit_date.py - edit_date - edit_date - 7/16完了
2021-09-02 09:45:13,662 - INFO - edit_date.py - edit_date - edit_date - 8/16完了
2021-09-02 09:45:17,281 - INFO - edit_date.py - edit_date - edit_date - 9/16完了
2021-09-02 09:45:20,895 - INFO - edit_date.py - edit_date - edit_date - 10/16完了
2021-09-02 09:45:24,491 - INFO - edit_date.py - edit_date - edit_date - 11/16完了
2021-09-02 09:45:28,203 - INFO - edit_date.py - edit_date - edit_date - 12/16完了
2021-09-02 09:45:31,777 - INFO - edit_date.py - edit_date - edit_date - 13/16完了
2021-09-02 09:45:35,391 - INFO - edit_date.py - edit_date - edit_date - 14/16完了
2021-09-02 09:45:39,016 - INFO - edit_date.py - edit_date - edit_date - 15/16完了
2021-09-02 09:45:42,649 - INFO - edit_date.py - edit_date - edit_date - 16/16完了
2021-09-02 09:45:42,651 - INFO - edit_date.py - edit_date - edit_date - 処理が完了しました
