2021-09-02 10:15:16,541 - INFO - edit_date.py - edit_date - login - ログインしました
2021-09-02 10:15:22,194 - INFO - edit_date.py - edit_date - edit_date - 出品管理へ遷移しました
2021-09-02 10:15:27,229 - INFO - edit_date.py - edit_date - edit_date - 日付変更処理が開始されました
2021-09-02 10:15:30,953 - INFO - edit_date.py - edit_date - edit_date - 1/20完了
2021-09-02 10:15:45,570 - INFO - edit_date.py - edit_date - edit_date - エラーが発生しました
2021-09-02 10:16:52,639 - INFO - edit_date.py - edit_date - login - ログインしました
2021-09-02 10:16:58,682 - INFO - edit_date.py - edit_date - edit_date - 出品管理へ遷移しました
2021-09-02 10:17:03,698 - INFO - edit_date.py - edit_date - edit_date - 日付変更処理が開始されました
2021-09-02 10:17:07,360 - INFO - edit_date.py - edit_date - edit_date - 1/20完了
2021-09-02 10:17:11,013 - INFO - edit_date.py - edit_date - edit_date - 2/20完了
2021-09-02 10:17:14,678 - INFO - edit_date.py - edit_date - edit_date - 3/20完了
2021-09-02 10:17:18,386 - INFO - edit_date.py - edit_date - edit_date - 4/20完了
2021-09-02 10:17:22,025 - INFO - edit_date.py - edit_date - edit_date - 5/20完了
2021-09-02 10:17:25,610 - INFO - edit_date.py - edit_date - edit_date - 6/20完了
2021-09-02 10:17:29,233 - INFO - edit_date.py - edit_date - edit_date - 7/20完了
2021-09-02 10:17:32,824 - INFO - edit_date.py - edit_date - edit_date - 8/20完了
2021-09-02 10:17:36,449 - INFO - edit_date.py - edit_date - edit_date - 9/20完了
2021-09-02 10:17:40,111 - INFO - edit_date.py - edit_date - edit_date - 10/20完了
2021-09-02 10:17:43,709 - INFO - edit_date.py - edit_date - edit_date - 11/20完了
2021-09-02 10:17:47,307 - INFO - edit_date.py - edit_date - edit_date - 12/20完了
2021-09-02 10:17:50,980 - INFO - edit_date.py - edit_date - edit_date - 13/20完了
2021-09-02 10:17:54,603 - INFO - edit_date.py - edit_date - edit_date - 14/20完了
2021-09-02 10:17:58,159 - INFO - edit_date.py - edit_date - edit_date - 15/20完了
2021-09-02 10:18:01,942 - INFO - edit_date.py - edit_date - edit_date - 16/20完了
2021-09-02 10:18:05,532 - INFO - edit_date.py - edit_date - edit_date - 17/20完了
2021-09-02 10:18:09,218 - INFO - edit_date.py - edit_date - edit_date - 18/20完了
2021-09-02 10:18:12,768 - INFO - edit_date.py - edit_date - edit_date - 19/20完了
2021-09-02 10:18:16,413 - INFO - edit_date.py - edit_date - edit_date - 20/20完了
2021-09-02 10:18:18,645 - INFO - edit_date.py - edit_date - edit_date - 次のページに遷移しました
2021-09-02 10:18:18,647 - INFO - edit_date.py - edit_date - edit_date - 日付変更処理が開始されました
2021-09-02 10:18:22,253 - INFO - edit_date.py - edit_date - edit_date - 1/1完了
2021-09-02 10:18:22,307 - INFO - edit_date.py - edit_date - edit_date - エラーが発生しました
2021-09-02 10:23:02,705 - INFO - edit_date.py - edit_date - login - ログインしました
2021-09-02 10:23:08,174 - INFO - edit_date.py - edit_date - edit_date - 出品管理へ遷移しました
2021-09-02 10:23:13,184 - INFO - edit_date.py - edit_date - edit_date - 日付変更処理が開始されました
2021-09-02 10:23:16,771 - INFO - edit_date.py - edit_date - edit_date - 1/20完了
2021-09-02 10:23:20,343 - INFO - edit_date.py - edit_date - edit_date - 2/20完了
2021-09-02 10:23:24,045 - INFO - edit_date.py - edit_date - edit_date - 3/20完了
2021-09-02 10:23:27,635 - INFO - edit_date.py - edit_date - edit_date - 4/20完了
2021-09-02 10:23:31,231 - INFO - edit_date.py - edit_date - edit_date - 5/20完了
2021-09-02 10:23:34,814 - INFO - edit_date.py - edit_date - edit_date - 6/20完了
2021-09-02 10:23:38,468 - INFO - edit_date.py - edit_date - edit_date - 7/20完了
2021-09-02 10:23:42,090 - INFO - edit_date.py - edit_date - edit_date - 8/20完了
2021-09-02 10:23:45,719 - INFO - edit_date.py - edit_date - edit_date - 9/20完了
2021-09-02 10:23:49,326 - INFO - edit_date.py - edit_date - edit_date - 10/20完了
2021-09-02 10:23:52,887 - INFO - edit_date.py - edit_date - edit_date - 11/20完了
2021-09-02 10:23:56,450 - INFO - edit_date.py - edit_date - edit_date - 12/20完了
2021-09-02 10:24:00,055 - INFO - edit_date.py - edit_date - edit_date - 13/20完了
2021-09-02 10:24:03,689 - INFO - edit_date.py - edit_date - edit_date - 14/20完了
2021-09-02 10:24:07,275 - INFO - edit_date.py - edit_date - edit_date - 15/20完了
2021-09-02 10:24:10,845 - INFO - edit_date.py - edit_date - edit_date - 16/20完了
2021-09-02 10:24:14,494 - INFO - edit_date.py - edit_date - edit_date - 17/20完了
2021-09-02 10:24:18,065 - INFO - edit_date.py - edit_date - edit_date - 18/20完了
2021-09-02 10:24:21,599 - INFO - edit_date.py - edit_date - edit_date - 19/20完了
2021-09-02 10:24:25,241 - INFO - edit_date.py - edit_date - edit_date - 20/20完了
2021-09-02 10:24:27,732 - INFO - edit_date.py - edit_date - edit_date - 次のページに遷移しました
2021-09-02 10:24:31,379 - INFO - edit_date.py - edit_date - edit_date - 1/1完了
2021-09-02 10:24:31,417 - INFO - edit_date.py - edit_date - edit_date - e
2021-09-02 10:26:50,805 - INFO - edit_date.py - edit_date - login - ログインしました
2021-09-02 10:26:57,057 - INFO - edit_date.py - edit_date - edit_date - 出品管理へ遷移しました
2021-09-02 10:27:02,090 - INFO - edit_date.py - edit_date - edit_date - 日付変更処理が開始されました
2021-09-02 10:27:05,726 - INFO - edit_date.py - edit_date - edit_date - 1/20完了
2021-09-02 10:27:09,396 - INFO - edit_date.py - edit_date - edit_date - 2/20完了
2021-09-02 10:27:12,966 - INFO - edit_date.py - edit_date - edit_date - 3/20完了
2021-09-02 10:27:16,564 - INFO - edit_date.py - edit_date - edit_date - 4/20完了
2021-09-02 10:27:20,213 - INFO - edit_date.py - edit_date - edit_date - 5/20完了
2021-09-02 10:27:23,921 - INFO - edit_date.py - edit_date - edit_date - 6/20完了
2021-09-02 10:27:27,524 - INFO - edit_date.py - edit_date - edit_date - 7/20完了
2021-09-02 10:27:31,202 - INFO - edit_date.py - edit_date - edit_date - 8/20完了
2021-09-02 10:27:34,805 - INFO - edit_date.py - edit_date - edit_date - 9/20完了
2021-09-02 10:27:38,393 - INFO - edit_date.py - edit_date - edit_date - 10/20完了
2021-09-02 10:27:42,204 - INFO - edit_date.py - edit_date - edit_date - 11/20完了
2021-09-02 10:27:45,794 - INFO - edit_date.py - edit_date - edit_date - 12/20完了
2021-09-02 10:27:49,470 - INFO - edit_date.py - edit_date - edit_date - 13/20完了
2021-09-02 10:27:53,215 - INFO - edit_date.py - edit_date - edit_date - 14/20完了
2021-09-02 10:27:56,835 - INFO - edit_date.py - edit_date - edit_date - 15/20完了
2021-09-02 10:28:00,575 - INFO - edit_date.py - edit_date - edit_date - 16/20完了
2021-09-02 10:28:04,260 - INFO - edit_date.py - edit_date - edit_date - 17/20完了
2021-09-02 10:28:08,020 - INFO - edit_date.py - edit_date - edit_date - 18/20完了
2021-09-02 10:28:11,619 - INFO - edit_date.py - edit_date - edit_date - 19/20完了
2021-09-02 10:28:15,214 - INFO - edit_date.py - edit_date - edit_date - 20/20完了
2021-09-02 10:28:17,801 - INFO - edit_date.py - edit_date - edit_date - 次のページに遷移しました
2021-09-02 10:28:20,592 - INFO - edit_date.py - edit_date - edit_date - 1/1完了
2021-09-02 10:28:20,643 - INFO - edit_date.py - edit_date - edit_date - Message: no such element: Unable to locate element: {"method":"xpath","selector":"//a[@rel="next" and text()="次へ"]"}
  (Session info: chrome=92.0.4515.159)

2021-09-02 10:30:52,182 - INFO - edit_date.py - edit_date - login - ログインしました
2021-09-02 10:30:58,801 - INFO - edit_date.py - edit_date - edit_date - 出品管理へ遷移しました
2021-09-02 10:31:03,820 - INFO - edit_date.py - edit_date - edit_date - 日付変更処理が開始されました
2021-09-02 10:31:07,385 - INFO - edit_date.py - edit_date - edit_date - 1/20完了
2021-09-02 10:31:10,965 - INFO - edit_date.py - edit_date - edit_date - 2/20完了
2021-09-02 10:31:14,662 - INFO - edit_date.py - edit_date - edit_date - 3/20完了
2021-09-02 10:31:18,318 - INFO - edit_date.py - edit_date - edit_date - 4/20完了
2021-09-02 10:31:21,844 - INFO - edit_date.py - edit_date - edit_date - 5/20完了
2021-09-02 10:31:25,423 - INFO - edit_date.py - edit_date - edit_date - 6/20完了
2021-09-02 10:31:29,108 - INFO - edit_date.py - edit_date - edit_date - 7/20完了
2021-09-02 10:31:32,740 - INFO - edit_date.py - edit_date - edit_date - 8/20完了
2021-09-02 10:31:36,552 - INFO - edit_date.py - edit_date - edit_date - 9/20完了
2021-09-02 10:31:40,229 - INFO - edit_date.py - edit_date - edit_date - 10/20完了
2021-09-02 10:31:43,850 - INFO - edit_date.py - edit_date - edit_date - 11/20完了
2021-09-02 10:31:47,482 - INFO - edit_date.py - edit_date - edit_date - 12/20完了
2021-09-02 10:31:51,239 - INFO - edit_date.py - edit_date - edit_date - 13/20完了
2021-09-02 10:31:54,825 - INFO - edit_date.py - edit_date - edit_date - 14/20完了
2021-09-02 10:31:58,434 - INFO - edit_date.py - edit_date - edit_date - 15/20完了
2021-09-02 10:32:02,019 - INFO - edit_date.py - edit_date - edit_date - 16/20完了
2021-09-02 10:32:05,717 - INFO - edit_date.py - edit_date - edit_date - 17/20完了
2021-09-02 10:32:09,367 - INFO - edit_date.py - edit_date - edit_date - 18/20完了
2021-09-02 10:32:12,945 - INFO - edit_date.py - edit_date - edit_date - 19/20完了
2021-09-02 10:32:16,606 - INFO - edit_date.py - edit_date - edit_date - 20/20完了
2021-09-02 10:32:19,037 - INFO - edit_date.py - edit_date - edit_date - 次のページに遷移しました
2021-09-02 10:32:21,678 - INFO - edit_date.py - edit_date - edit_date - 1/1完了
2021-09-02 10:32:21,720 - INFO - edit_date.py - edit_date - edit_date - Message: no such element: Unable to locate element: {"method":"xpath","selector":"//a[@rel="next" and text()="次へ"]"}
  (Session info: chrome=92.0.4515.159)

2021-09-02 10:38:23,320 - INFO - edit_date.py - edit_date - login - ログインしました
2021-09-02 10:38:28,921 - INFO - edit_date.py - edit_date - edit_date - 出品管理へ遷移しました
2021-09-02 10:38:33,931 - INFO - edit_date.py - edit_date - edit_date - 日付変更処理が開始されました
2021-09-02 10:38:37,507 - INFO - edit_date.py - edit_date - edit_date - 1/20完了
2021-09-02 10:38:41,082 - INFO - edit_date.py - edit_date - edit_date - 2/20完了
2021-09-02 10:38:44,661 - INFO - edit_date.py - edit_date - edit_date - 3/20完了
2021-09-02 10:38:48,250 - INFO - edit_date.py - edit_date - edit_date - 4/20完了
2021-09-02 10:38:51,826 - INFO - edit_date.py - edit_date - edit_date - 5/20完了
2021-09-02 10:38:55,380 - INFO - edit_date.py - edit_date - edit_date - 6/20完了
2021-09-02 10:38:58,958 - INFO - edit_date.py - edit_date - edit_date - 7/20完了
2021-09-02 10:39:02,611 - INFO - edit_date.py - edit_date - edit_date - 8/20完了
2021-09-02 10:39:06,176 - INFO - edit_date.py - edit_date - edit_date - 9/20完了
2021-09-02 10:39:09,699 - INFO - edit_date.py - edit_date - edit_date - 10/20完了
2021-09-02 10:39:13,236 - INFO - edit_date.py - edit_date - edit_date - 11/20完了
2021-09-02 10:39:16,872 - INFO - edit_date.py - edit_date - edit_date - 12/20完了
2021-09-02 10:39:20,562 - INFO - edit_date.py - edit_date - edit_date - 13/20完了
2021-09-02 10:39:24,159 - INFO - edit_date.py - edit_date - edit_date - 14/20完了
2021-09-02 10:39:27,703 - INFO - edit_date.py - edit_date - edit_date - 15/20完了
2021-09-02 10:39:31,363 - INFO - edit_date.py - edit_date - edit_date - 16/20完了
2021-09-02 10:39:35,005 - INFO - edit_date.py - edit_date - edit_date - 17/20完了
2021-09-02 10:39:38,649 - INFO - edit_date.py - edit_date - edit_date - 18/20完了
2021-09-02 10:39:42,258 - INFO - edit_date.py - edit_date - edit_date - 19/20完了
2021-09-02 10:39:45,903 - INFO - edit_date.py - edit_date - edit_date - 20/20完了
2021-09-02 10:39:48,557 - INFO - edit_date.py - edit_date - edit_date - 次のページに遷移しました
2021-09-02 10:39:51,253 - INFO - edit_date.py - edit_date - edit_date - 1/1完了
2021-09-02 10:39:51,296 - INFO - edit_date.py - edit_date - edit_date - Message: no such element: Unable to locate element: {"method":"xpath","selector":"//a[@rel="next" and text()="次へ"]"}
  (Session info: chrome=92.0.4515.159)

2021-09-02 10:43:00,808 - INFO - edit_date.py - edit_date - login - ログインしました
2021-09-02 10:43:06,818 - INFO - edit_date.py - edit_date - edit_date - 出品管理へ遷移しました
2021-09-02 10:43:11,826 - INFO - edit_date.py - edit_date - edit_date - 日付変更処理が開始されました
2021-09-02 10:43:15,517 - INFO - edit_date.py - edit_date - edit_date - 1/20完了
2021-09-02 10:43:19,210 - INFO - edit_date.py - edit_date - edit_date - 2/20完了
2021-09-02 10:43:22,899 - INFO - edit_date.py - edit_date - edit_date - 3/20完了
2021-09-02 10:43:26,637 - INFO - edit_date.py - edit_date - edit_date - 4/20完了
2021-09-02 10:43:30,362 - INFO - edit_date.py - edit_date - edit_date - 5/20完了
2021-09-02 10:43:33,938 - INFO - edit_date.py - edit_date - edit_date - 6/20完了
2021-09-02 10:43:37,636 - INFO - edit_date.py - edit_date - edit_date - 7/20完了
2021-09-02 10:43:41,268 - INFO - edit_date.py - edit_date - edit_date - 8/20完了
2021-09-02 10:43:44,911 - INFO - edit_date.py - edit_date - edit_date - 9/20完了
2021-09-02 10:43:48,548 - INFO - edit_date.py - edit_date - edit_date - 10/20完了
2021-09-02 10:43:52,109 - INFO - edit_date.py - edit_date - edit_date - 11/20完了
2021-09-02 10:43:55,751 - INFO - edit_date.py - edit_date - edit_date - 12/20完了
2021-09-02 10:43:59,496 - INFO - edit_date.py - edit_date - edit_date - 13/20完了
2021-09-02 10:44:03,247 - INFO - edit_date.py - edit_date - edit_date - 14/20完了
2021-09-02 10:44:07,055 - INFO - edit_date.py - edit_date - edit_date - 15/20完了
2021-09-02 10:44:10,729 - INFO - edit_date.py - edit_date - edit_date - 16/20完了
2021-09-02 10:44:14,569 - INFO - edit_date.py - edit_date - edit_date - 17/20完了
2021-09-02 10:44:18,364 - INFO - edit_date.py - edit_date - edit_date - 18/20完了
2021-09-02 10:44:22,027 - INFO - edit_date.py - edit_date - edit_date - 19/20完了
2021-09-02 10:44:25,586 - INFO - edit_date.py - edit_date - edit_date - 20/20完了
2021-09-02 10:44:41,718 - INFO - edit_date.py - edit_date - edit_date - 次のページに遷移しました
2021-09-02 10:44:44,261 - INFO - edit_date.py - edit_date - edit_date - 1/1完了
2021-09-02 10:44:44,319 - INFO - edit_date.py - edit_date - edit_date - Message: no such element: Unable to locate element: {"method":"xpath","selector":"//a[@rel="next" and text()="次へ"]"}
  (Session info: chrome=92.0.4515.159)

2021-09-02 10:55:14,363 - INFO - edit_date.py - edit_date - login - ログインしました
2021-09-02 10:55:19,484 - INFO - edit_date.py - edit_date - edit_date - 出品管理へ遷移しました
2021-09-02 10:55:24,488 - INFO - edit_date.py - edit_date - edit_date - 日付変更処理が開始されました
2021-09-02 10:55:28,078 - INFO - edit_date.py - edit_date - edit_date - 1/20完了
2021-09-02 10:55:31,849 - INFO - edit_date.py - edit_date - edit_date - 2/20完了
2021-09-02 10:55:35,476 - INFO - edit_date.py - edit_date - edit_date - 3/20完了
2021-09-02 10:55:39,089 - INFO - edit_date.py - edit_date - edit_date - 4/20完了
2021-09-02 10:55:42,711 - INFO - edit_date.py - edit_date - edit_date - 5/20完了
2021-09-02 10:55:46,439 - INFO - edit_date.py - edit_date - edit_date - 6/20完了
2021-09-02 10:55:50,073 - INFO - edit_date.py - edit_date - edit_date - 7/20完了
2021-09-02 10:55:53,737 - INFO - edit_date.py - edit_date - edit_date - 8/20完了
2021-09-02 10:55:57,454 - INFO - edit_date.py - edit_date - edit_date - 9/20完了
2021-09-02 10:56:01,088 - INFO - edit_date.py - edit_date - edit_date - 10/20完了
2021-09-02 10:56:04,695 - INFO - edit_date.py - edit_date - edit_date - 11/20完了
2021-09-02 10:56:08,314 - INFO - edit_date.py - edit_date - edit_date - 12/20完了
2021-09-02 10:56:11,970 - INFO - edit_date.py - edit_date - edit_date - 13/20完了
2021-09-02 10:56:15,782 - INFO - edit_date.py - edit_date - edit_date - 14/20完了
2021-09-02 10:56:19,336 - INFO - edit_date.py - edit_date - edit_date - 15/20完了
2021-09-02 10:56:22,955 - INFO - edit_date.py - edit_date - edit_date - 16/20完了
2021-09-02 10:56:26,758 - INFO - edit_date.py - edit_date - edit_date - 17/20完了
2021-09-02 10:56:30,361 - INFO - edit_date.py - edit_date - edit_date - 18/20完了
2021-09-02 10:56:33,978 - INFO - edit_date.py - edit_date - edit_date - 19/20完了
2021-09-02 10:56:37,593 - INFO - edit_date.py - edit_date - edit_date - 20/20完了
2021-09-02 10:56:37,651 - INFO - edit_date.py - edit_date - edit_date - '>' not supported between instances of 'list' and 'int'
2021-09-02 10:58:18,636 - INFO - edit_date.py - edit_date - login - ログインしました
2021-09-02 10:58:24,622 - INFO - edit_date.py - edit_date - edit_date - 出品管理へ遷移しました
2021-09-02 10:58:29,638 - INFO - edit_date.py - edit_date - edit_date - 日付変更処理が開始されました
2021-09-02 10:58:33,350 - INFO - edit_date.py - edit_date - edit_date - 1/20完了
2021-09-02 10:58:36,948 - INFO - edit_date.py - edit_date - edit_date - 2/20完了
2021-09-02 10:58:40,572 - INFO - edit_date.py - edit_date - edit_date - 3/20完了
2021-09-02 10:58:44,211 - INFO - edit_date.py - edit_date - edit_date - 4/20完了
2021-09-02 10:58:47,854 - INFO - edit_date.py - edit_date - edit_date - 5/20完了
2021-09-02 10:58:51,480 - INFO - edit_date.py - edit_date - edit_date - 6/20完了
2021-09-02 10:58:55,123 - INFO - edit_date.py - edit_date - edit_date - 7/20完了
2021-09-02 10:58:58,795 - INFO - edit_date.py - edit_date - edit_date - 8/20完了
2021-09-02 10:59:02,461 - INFO - edit_date.py - edit_date - edit_date - 9/20完了
2021-09-02 10:59:06,074 - INFO - edit_date.py - edit_date - edit_date - 10/20完了
2021-09-02 10:59:09,634 - INFO - edit_date.py - edit_date - edit_date - 11/20完了
2021-09-02 10:59:13,238 - INFO - edit_date.py - edit_date - edit_date - 12/20完了
2021-09-02 10:59:16,884 - INFO - edit_date.py - edit_date - edit_date - 13/20完了
2021-09-02 10:59:20,482 - INFO - edit_date.py - edit_date - edit_date - 14/20完了
2021-09-02 10:59:24,117 - INFO - edit_date.py - edit_date - edit_date - 15/20完了
2021-09-02 10:59:27,952 - INFO - edit_date.py - edit_date - edit_date - 16/20完了
2021-09-02 10:59:31,531 - INFO - edit_date.py - edit_date - edit_date - 17/20完了
2021-09-02 10:59:35,111 - INFO - edit_date.py - edit_date - edit_date - 18/20完了
2021-09-02 10:59:38,808 - INFO - edit_date.py - edit_date - edit_date - 19/20完了
2021-09-02 10:59:42,418 - INFO - edit_date.py - edit_date - edit_date - 20/20完了
2021-09-02 10:59:44,369 - INFO - edit_date.py - edit_date - edit_date - 次のページに遷移しました
2021-09-02 10:59:47,007 - INFO - edit_date.py - edit_date - edit_date - 1/1完了
2021-09-02 10:59:47,050 - INFO - edit_date.py - edit_date - edit_date - 処理が完了しました
2021-09-02 11:01:26,053 - INFO - edit_date.py - edit_date - login - ログインしました
2021-09-02 11:01:32,229 - INFO - edit_date.py - edit_date - edit_date - 出品管理へ遷移しました
2021-09-02 11:01:37,249 - INFO - edit_date.py - edit_date - edit_date - 日付変更処理が開始されました
2021-09-02 11:01:40,944 - INFO - edit_date.py - edit_date - edit_date - 1/20完了
2021-09-02 11:01:44,663 - INFO - edit_date.py - edit_date - edit_date - 2/20完了
2021-09-02 11:01:48,457 - INFO - edit_date.py - edit_date - edit_date - 3/20完了
2021-09-02 11:01:52,272 - INFO - edit_date.py - edit_date - edit_date - 4/20完了
2021-09-02 11:01:55,973 - INFO - edit_date.py - edit_date - edit_date - 5/20完了
2021-09-02 11:01:59,757 - INFO - edit_date.py - edit_date - edit_date - 6/20完了
2021-09-02 11:02:03,509 - INFO - edit_date.py - edit_date - edit_date - 7/20完了
2021-09-02 11:02:07,298 - INFO - edit_date.py - edit_date - edit_date - 8/20完了
2021-09-02 11:02:11,033 - INFO - edit_date.py - edit_date - edit_date - 9/20完了
2021-09-02 11:02:14,711 - INFO - edit_date.py - edit_date - edit_date - 10/20完了
2021-09-02 11:02:18,310 - INFO - edit_date.py - edit_date - edit_date - 11/20完了
2021-09-02 11:02:22,017 - INFO - edit_date.py - edit_date - edit_date - 12/20完了
2021-09-02 11:02:25,665 - INFO - edit_date.py - edit_date - edit_date - 13/20完了
2021-09-02 11:02:29,342 - INFO - edit_date.py - edit_date - edit_date - 14/20完了
2021-09-02 11:02:33,107 - INFO - edit_date.py - edit_date - edit_date - 15/20完了
2021-09-02 11:02:36,779 - INFO - edit_date.py - edit_date - edit_date - 16/20完了
2021-09-02 11:02:40,623 - INFO - edit_date.py - edit_date - edit_date - 17/20完了
2021-09-02 11:02:44,281 - INFO - edit_date.py - edit_date - edit_date - 18/20完了
2021-09-02 11:02:47,905 - INFO - edit_date.py - edit_date - edit_date - 19/20完了
2021-09-02 11:02:51,488 - INFO - edit_date.py - edit_date - edit_date - 20/20完了
2021-09-02 11:02:54,002 - INFO - edit_date.py - edit_date - edit_date - 次のページに遷移しました
2021-09-02 11:02:56,693 - INFO - edit_date.py - edit_date - edit_date - 1/1完了
2021-09-02 11:02:56,732 - INFO - edit_date.py - edit_date - edit_date - 処理が完了しました
