2021-08-30 11:13:57,811 - INFO - edit_date.py - edit_date - logging - OK
2021-08-30 11:13:57,812 - WARNING - edit_date.py - edit_date - logging - 想定外の動作が発生する可能性があります。
2021-08-30 11:13:57,813 - ERROR - edit_date.py - edit_date - logging - 	重大なエラーにより、一部の機能を実行できません
2021-08-30 11:15:49,338 - INFO - edit_date.py - edit_date - log - OK
2021-08-30 11:15:49,339 - WARNING - edit_date.py - edit_date - log - 想定外の動作が発生する可能性があります。
2021-08-30 11:15:49,340 - ERROR - edit_date.py - edit_date - log - 	重大なエラーにより、一部の機能を実行できません
2021-08-30 11:21:19,057 - INFO - edit_date.py - edit_date - log - OK
2021-08-30 11:21:19,058 - WARNING - edit_date.py - edit_date - log - 想定外の動作が発生する可能性があります。
2021-08-30 11:21:19,059 - ERROR - edit_date.py - edit_date - log - 	重大なエラーにより、一部の機能を実行できません
2021-08-30 11:26:24,577 - INFO - edit_date.py - edit_date - login - ログインしました
2021-08-30 11:26:30,149 - INFO - edit_date.py - edit_date - excute_action - 出品管理へ遷移しました
2021-08-30 11:26:33,172 - INFO - edit_date.py - edit_date - excute_action - 処理が開始されました
2021-08-30 11:26:36,714 - INFO - edit_date.py - edit_date - excute_action - 1/15完了
2021-08-30 11:26:40,338 - INFO - edit_date.py - edit_date - excute_action - 2/15完了
2021-08-30 11:26:43,935 - INFO - edit_date.py - edit_date - excute_action - 3/15完了
2021-08-30 11:26:47,610 - INFO - edit_date.py - edit_date - excute_action - 4/15完了
2021-08-30 11:26:51,172 - INFO - edit_date.py - edit_date - excute_action - 5/15完了
2021-08-30 11:26:54,748 - INFO - edit_date.py - edit_date - excute_action - 6/15完了
2021-08-30 11:26:58,308 - INFO - edit_date.py - edit_date - excute_action - 7/15完了
2021-08-30 11:27:01,980 - INFO - edit_date.py - edit_date - excute_action - 8/15完了
2021-08-30 11:27:05,499 - INFO - edit_date.py - edit_date - excute_action - 9/15完了
2021-08-30 11:27:09,060 - INFO - edit_date.py - edit_date - excute_action - 10/15完了
2021-08-30 11:27:12,678 - INFO - edit_date.py - edit_date - excute_action - 11/15完了
2021-08-30 11:27:16,256 - INFO - edit_date.py - edit_date - excute_action - 12/15完了
2021-08-30 11:27:19,974 - INFO - edit_date.py - edit_date - excute_action - 13/15完了
2021-08-30 11:27:23,616 - INFO - edit_date.py - edit_date - excute_action - 14/15完了
2021-08-30 11:27:27,331 - INFO - edit_date.py - edit_date - excute_action - 15/15完了
2021-08-30 11:27:27,332 - INFO - edit_date.py - edit_date - excute_action - 処理が完了しました
2021-08-30 11:44:26,037 - INFO - edit_date.py - edit_date - login - ログインしました
2021-08-30 11:44:32,120 - INFO - edit_date.py - edit_date - excute_action - 出品管理へ遷移しました
2021-08-30 11:44:39,466 - INFO - edit_date.py - edit_date - excute_action - 処理が開始されました
2021-08-30 11:44:43,055 - INFO - edit_date.py - edit_date - excute_action - 1/15完了
2021-08-30 11:44:46,659 - INFO - edit_date.py - edit_date - excute_action - 2/15完了
2021-08-30 11:44:50,258 - INFO - edit_date.py - edit_date - excute_action - 3/15完了
2021-08-30 11:44:53,829 - INFO - edit_date.py - edit_date - excute_action - 4/15完了
2021-08-30 11:44:57,416 - INFO - edit_date.py - edit_date - excute_action - 5/15完了
2021-08-30 11:45:00,940 - INFO - edit_date.py - edit_date - excute_action - 6/15完了
2021-08-30 11:45:04,522 - INFO - edit_date.py - edit_date - excute_action - 7/15完了
2021-08-30 11:45:08,129 - INFO - edit_date.py - edit_date - excute_action - 8/15完了
2021-08-30 11:45:11,704 - INFO - edit_date.py - edit_date - excute_action - 9/15完了
2021-08-30 11:45:15,287 - INFO - edit_date.py - edit_date - excute_action - 10/15完了
2021-08-30 11:45:18,959 - INFO - edit_date.py - edit_date - excute_action - 11/15完了
2021-08-30 11:45:22,689 - INFO - edit_date.py - edit_date - excute_action - 12/15完了
2021-08-30 11:45:26,322 - INFO - edit_date.py - edit_date - excute_action - 13/15完了
2021-08-30 11:45:29,850 - INFO - edit_date.py - edit_date - excute_action - 14/15完了
2021-08-30 11:45:33,445 - INFO - edit_date.py - edit_date - excute_action - 15/15完了
2021-08-30 11:45:33,446 - INFO - edit_date.py - edit_date - excute_action - 処理が完了しました
2021-08-30 11:47:52,085 - INFO - edit_date.py - edit_date - login - ログインしました
2021-08-30 11:47:58,320 - INFO - edit_date.py - edit_date - excute_action - 出品管理へ遷移しました
2021-08-30 11:48:06,071 - INFO - edit_date.py - edit_date - excute_action - 処理が開始されました
2021-08-30 11:48:09,738 - INFO - edit_date.py - edit_date - excute_action - 1/15完了
2021-08-30 11:48:13,303 - INFO - edit_date.py - edit_date - excute_action - 2/15完了
2021-08-30 11:48:16,913 - INFO - edit_date.py - edit_date - excute_action - 3/15完了
2021-08-30 11:48:20,504 - INFO - edit_date.py - edit_date - excute_action - 4/15完了
2021-08-30 11:48:24,102 - INFO - edit_date.py - edit_date - excute_action - 5/15完了
2021-08-30 11:48:27,738 - INFO - edit_date.py - edit_date - excute_action - 6/15完了
2021-08-30 11:48:31,309 - INFO - edit_date.py - edit_date - excute_action - 7/15完了
2021-08-30 11:48:34,943 - INFO - edit_date.py - edit_date - excute_action - 8/15完了
2021-08-30 11:48:38,556 - INFO - edit_date.py - edit_date - excute_action - 9/15完了
2021-08-30 11:48:42,192 - INFO - edit_date.py - edit_date - excute_action - 10/15完了
2021-08-30 11:48:45,918 - INFO - edit_date.py - edit_date - excute_action - 11/15完了
2021-08-30 11:48:49,508 - INFO - edit_date.py - edit_date - excute_action - 12/15完了
2021-08-30 11:48:53,303 - INFO - edit_date.py - edit_date - excute_action - 13/15完了
2021-08-30 11:48:56,950 - INFO - edit_date.py - edit_date - excute_action - 14/15完了
2021-08-30 11:49:00,544 - INFO - edit_date.py - edit_date - excute_action - 15/15完了
2021-08-30 11:49:00,545 - INFO - edit_date.py - edit_date - excute_action - 処理が完了しました
2021-08-30 12:25:05,746 - INFO - edit_date.py - edit_date - login - ログインしました
2021-08-30 12:25:12,361 - INFO - edit_date.py - edit_date - excute_action - 出品管理へ遷移しました
2021-08-30 12:36:42,916 - INFO - edit_date.py - edit_date - login - ログインしました
2021-08-30 12:36:49,017 - INFO - edit_date.py - edit_date - excute_action - 出品管理へ遷移しました
2021-08-30 12:36:56,554 - INFO - edit_date.py - edit_date - excute_action - 日付変更処理が処理が開始されました
2021-08-30 12:37:00,228 - INFO - edit_date.py - edit_date - excute_action - 1/15完了
2021-08-30 12:37:03,777 - INFO - edit_date.py - edit_date - excute_action - 2/15完了
2021-08-30 12:37:07,376 - INFO - edit_date.py - edit_date - excute_action - 3/15完了
2021-08-30 12:37:10,998 - INFO - edit_date.py - edit_date - excute_action - 4/15完了
2021-08-30 12:37:14,622 - INFO - edit_date.py - edit_date - excute_action - 5/15完了
