2021-09-03 08:47:07,265 - INFO - edit_date.py - edit_date - login - ログインしました
2021-09-03 08:47:13,364 - INFO - edit_date.py - edit_date - edit_date - 出品管理へ遷移しました
2021-09-03 08:47:21,133 - INFO - edit_date.py - edit_date - edit_date - 日付変更処理が開始されました
2021-09-03 08:47:24,762 - INFO - edit_date.py - edit_date - edit_date - 1/21完了
2021-09-03 08:47:28,385 - INFO - edit_date.py - edit_date - edit_date - 2/21完了
2021-09-03 08:47:32,263 - INFO - edit_date.py - edit_date - edit_date - 3/21完了
2021-09-03 08:47:36,127 - INFO - edit_date.py - edit_date - edit_date - 4/21完了
2021-09-03 08:47:39,889 - INFO - edit_date.py - edit_date - edit_date - 5/21完了
2021-09-03 08:47:42,588 - INFO - edit_date.py - edit_date - edit_date - Message: element not interactable
  (Session info: chrome=92.0.4515.159)

2021-09-03 08:48:15,877 - INFO - edit_date.py - edit_date - login - ログインしました
2021-09-03 08:48:22,602 - INFO - edit_date.py - edit_date - edit_date - 出品管理へ遷移しました
2021-09-03 08:48:29,955 - INFO - edit_date.py - edit_date - edit_date - 日付変更処理が開始されました
2021-09-03 08:48:33,589 - INFO - edit_date.py - edit_date - edit_date - 1/21完了
2021-09-03 08:48:37,203 - INFO - edit_date.py - edit_date - edit_date - 2/21完了
2021-09-03 08:48:40,866 - INFO - edit_date.py - edit_date - edit_date - 3/21完了
2021-09-03 08:48:44,516 - INFO - edit_date.py - edit_date - edit_date - 4/21完了
2021-09-03 08:48:48,205 - INFO - edit_date.py - edit_date - edit_date - 5/21完了
2021-09-03 08:48:52,067 - INFO - edit_date.py - edit_date - edit_date - 6/21完了
2021-09-03 08:48:52,075 - INFO - edit_date.py - edit_date - edit_date - Alert Text: 編集不可な商品のため更新できません。

Message: unexpected alert open: {Alert text : 編集不可な商品のため更新できません。
}
  (Session info: chrome=92.0.4515.159)

2021-09-03 08:51:52,011 - INFO - edit_date.py - edit_date - login - ログインしました
2021-09-03 08:51:58,213 - INFO - edit_date.py - edit_date - edit_date - 出品管理へ遷移しました
2021-09-03 08:52:05,899 - INFO - edit_date.py - edit_date - edit_date - 日付変更処理が開始されました
2021-09-03 08:52:09,457 - INFO - edit_date.py - edit_date - edit_date - 1/21完了
2021-09-03 08:52:10,716 - INFO - edit_date.py - edit_date - edit_date - Message: element not interactable
  (Session info: chrome=92.0.4515.159)

2021-09-03 08:54:36,099 - INFO - edit_date.py - edit_date - login - ログインしました
2021-09-03 08:54:42,397 - INFO - edit_date.py - edit_date - edit_date - 出品管理へ遷移しました
2021-09-03 08:54:49,796 - INFO - edit_date.py - edit_date - edit_date - 日付変更処理が開始されました
2021-09-03 08:54:53,455 - INFO - edit_date.py - edit_date - edit_date - 1/21完了
2021-09-03 08:54:54,668 - INFO - edit_date.py - edit_date - edit_date - Message: element not interactable
  (Session info: chrome=92.0.4515.159)

2021-09-03 08:57:31,463 - INFO - edit_date.py - edit_date - login - ログインしました
2021-09-03 08:57:36,983 - INFO - edit_date.py - edit_date - edit_date - 出品管理へ遷移しました
2021-09-03 08:57:44,817 - INFO - edit_date.py - edit_date - edit_date - 日付変更処理が開始されました
2021-09-03 08:57:48,484 - INFO - edit_date.py - edit_date - edit_date - 1/21完了
2021-09-03 08:57:49,714 - INFO - edit_date.py - edit_date - edit_date - Message: element not interactable
  (Session info: chrome=92.0.4515.159)

2021-09-03 09:04:25,499 - INFO - edit_date.py - edit_date - login - ログインしました
2021-09-03 09:04:30,599 - INFO - edit_date.py - edit_date - edit_date - 出品管理へ遷移しました
2021-09-03 09:04:37,843 - INFO - edit_date.py - edit_date - edit_date - 日付変更処理が開始されました
2021-09-03 09:04:41,497 - INFO - edit_date.py - edit_date - edit_date - 1/21完了
2021-09-03 09:04:42,697 - INFO - edit_date.py - edit_date - edit_date - Message: element not interactable
  (Session info: chrome=92.0.4515.159)

2021-09-03 09:06:40,255 - INFO - edit_date.py - edit_date - login - ログインしました
2021-09-03 09:06:46,404 - INFO - edit_date.py - edit_date - edit_date - 出品管理へ遷移しました
2021-09-03 09:06:54,102 - INFO - edit_date.py - edit_date - edit_date - 日付変更処理が開始されました
2021-09-03 09:06:57,775 - INFO - edit_date.py - edit_date - edit_date - Message: element click intercepted: Element <input class="_item_yukodate_edit hasDatepicker" type="text" value="2021/09/02" style="" size="10" id="dp1630627610528"> is not clickable at point (1208, 736). Other element would receive the click: <a class="ui-state-default" href="#">...</a>
  (Session info: chrome=92.0.4515.159)

2021-09-03 09:08:34,022 - INFO - edit_date.py - edit_date - login - ログインしました
2021-09-03 09:08:39,810 - INFO - edit_date.py - edit_date - edit_date - 出品管理へ遷移しました
2021-09-03 09:08:47,423 - INFO - edit_date.py - edit_date - edit_date - 日付変更処理が開始されました
2021-09-03 09:08:51,077 - INFO - edit_date.py - edit_date - edit_date - 1/21完了
2021-09-03 09:08:52,326 - INFO - edit_date.py - edit_date - edit_date - Message: element not interactable
  (Session info: chrome=92.0.4515.159)

2021-09-03 09:11:56,503 - INFO - edit_date.py - edit_date - login - ログインしました
2021-09-03 09:12:02,551 - INFO - edit_date.py - edit_date - edit_date - 出品管理へ遷移しました
2021-09-03 09:12:09,939 - INFO - edit_date.py - edit_date - edit_date - 日付変更処理が開始されました
2021-09-03 09:12:12,467 - INFO - edit_date.py - edit_date - edit_date - 'list' object has no attribute 'send_keys'
2021-09-03 09:13:00,032 - INFO - edit_date.py - edit_date - login - ログインしました
2021-09-03 09:13:05,791 - INFO - edit_date.py - edit_date - edit_date - 出品管理へ遷移しました
2021-09-03 09:13:12,995 - INFO - edit_date.py - edit_date - edit_date - 日付変更処理が開始されました
2021-09-03 09:13:15,656 - INFO - edit_date.py - edit_date - edit_date - Message: element not interactable
  (Session info: chrome=92.0.4515.159)

2021-09-03 09:17:24,953 - INFO - edit_date.py - edit_date - login - ログインしました
2021-09-03 09:17:31,128 - INFO - edit_date.py - edit_date - edit_date - 出品管理へ遷移しました
2021-09-03 09:17:38,627 - INFO - edit_date.py - edit_date - edit_date - 日付変更処理が開始されました
2021-09-03 09:17:42,289 - INFO - edit_date.py - edit_date - edit_date - 1/21完了
2021-09-03 09:17:43,490 - INFO - edit_date.py - edit_date - edit_date - Message: element not interactable
  (Session info: chrome=92.0.4515.159)

2021-09-03 09:19:55,686 - INFO - edit_date.py - edit_date - login - Message: unknown error: net::ERR_NAME_NOT_RESOLVED
  (Session info: chrome=92.0.4515.159)

2021-09-03 09:20:07,521 - INFO - edit_date.py - edit_date - edit_date - e
2021-09-03 09:20:38,247 - INFO - edit_date.py - edit_date - login - ログインしました
2021-09-03 09:20:45,146 - INFO - edit_date.py - edit_date - edit_date - 出品管理へ遷移しました
2021-09-03 09:20:52,693 - INFO - edit_date.py - edit_date - edit_date - 日付変更処理が開始されました
2021-09-03 09:20:56,402 - INFO - edit_date.py - edit_date - edit_date - 1/21完了
2021-09-03 09:20:57,609 - INFO - edit_date.py - edit_date - edit_date - e
2021-09-03 09:22:59,030 - INFO - edit_date.py - edit_date - login - ログインしました
2021-09-03 09:23:05,790 - INFO - edit_date.py - edit_date - edit_date - 出品管理へ遷移しました
2021-09-03 09:23:13,525 - INFO - edit_date.py - edit_date - edit_date - 日付変更処理が開始されました
2021-09-03 09:23:17,169 - INFO - edit_date.py - edit_date - edit_date - 1/21完了
2021-09-03 09:29:24,114 - INFO - edit_date.py - edit_date - login - ログインしました
2021-09-03 09:29:29,369 - INFO - edit_date.py - edit_date - edit_date - 出品管理へ遷移しました
2021-09-03 09:29:36,774 - INFO - edit_date.py - edit_date - edit_date - 日付変更処理が開始されました
2021-09-03 09:29:40,559 - INFO - edit_date.py - edit_date - edit_date - 1/21完了
2021-09-03 09:29:41,715 - INFO - edit_date.py - edit_date - edit_date - Message: element click intercepted: Element <a href="javascript:;" class="_item_edit_yukodate" data-syo-id="73447323" data-syo-updnumber="1" data-vt="/vt/my/buyeritems/edit/date/73447323">...</a> is not clickable at point (1168, 253). Other element would receive the click: <a class="ui-state-default" href="#">...</a>
  (Session info: chrome=92.0.4515.159)

2021-09-03 09:31:45,341 - INFO - edit_date.py - edit_date - login - ログインしました
2021-09-03 09:31:50,643 - INFO - edit_date.py - edit_date - edit_date - 出品管理へ遷移しました
2021-09-03 09:31:57,734 - INFO - edit_date.py - edit_date - edit_date - 日付変更処理が開始されました
2021-09-03 09:32:01,336 - INFO - edit_date.py - edit_date - edit_date - 1/21完了
2021-09-03 09:32:02,590 - INFO - edit_date.py - edit_date - edit_date - Message: element not interactable
  (Session info: chrome=92.0.4515.159)

2021-09-03 09:34:32,105 - INFO - edit_date.py - edit_date - login - ログインしました
2021-09-03 09:34:36,902 - INFO - edit_date.py - edit_date - edit_date - 出品管理へ遷移しました
2021-09-03 09:34:43,638 - INFO - edit_date.py - edit_date - edit_date - 日付変更処理が開始されました
2021-09-03 09:34:47,379 - INFO - edit_date.py - edit_date - edit_date - 1/21完了
2021-09-03 09:34:48,553 - INFO - edit_date.py - edit_date - edit_date - Message: element click intercepted: Element <a href="javascript:;" class="_item_edit_yukodate" data-syo-id="73447323" data-syo-updnumber="1" data-vt="/vt/my/buyeritems/edit/date/73447323">...</a> is not clickable at point (1168, 858). Other element would receive the click: <div class="ui-widget-overlay" style="width: 1467px; height: 3364px; z-index: 10001;"></div>
  (Session info: chrome=92.0.4515.159)

2021-09-03 09:39:28,123 - INFO - edit_date.py - edit_date - login - ログインしました
2021-09-03 09:39:33,492 - INFO - edit_date.py - edit_date - edit_date - 出品管理へ遷移しました
2021-09-03 09:39:40,587 - INFO - edit_date.py - edit_date - edit_date - 日付変更処理が開始されました
2021-09-03 09:39:42,012 - INFO - edit_date.py - edit_date - edit_date - Message: element not interactable
  (Session info: chrome=92.0.4515.159)

2021-09-03 09:40:29,370 - INFO - edit_date.py - edit_date - login - ログインしました
2021-09-03 09:40:34,669 - INFO - edit_date.py - edit_date - edit_date - 出品管理へ遷移しました
2021-09-03 09:40:42,222 - INFO - edit_date.py - edit_date - edit_date - 日付変更処理が開始されました
2021-09-03 09:40:45,862 - INFO - edit_date.py - edit_date - edit_date - 1/21完了
2021-09-03 09:40:47,088 - INFO - edit_date.py - edit_date - edit_date - Message: element not interactable
  (Session info: chrome=92.0.4515.159)

2021-09-03 09:42:41,447 - INFO - edit_date.py - edit_date - login - ログインしました
2021-09-03 09:42:47,221 - INFO - edit_date.py - edit_date - edit_date - 出品管理へ遷移しました
2021-09-03 09:42:55,069 - INFO - edit_date.py - edit_date - edit_date - 日付変更処理が開始されました
2021-09-03 09:42:58,815 - INFO - edit_date.py - edit_date - edit_date - 1/21完了
2021-09-03 09:42:59,954 - INFO - edit_date.py - edit_date - edit_date - Message: element click intercepted: Element <a href="javascript:;" class="_item_edit_yukodate" data-syo-id="73447323" data-syo-updnumber="1" data-vt="/vt/my/buyeritems/edit/date/73447323">...</a> is not clickable at point (1168, 659). Other element would receive the click: <a class="ui-state-default" href="#">...</a>
  (Session info: chrome=92.0.4515.159)

2021-09-03 09:48:28,077 - INFO - edit_date.py - edit_date - login - ログインしました
2021-09-03 09:48:33,326 - INFO - edit_date.py - edit_date - edit_date - 出品管理へ遷移しました
2021-09-03 09:48:40,708 - INFO - edit_date.py - edit_date - edit_date - 日付変更処理が開始されました
2021-09-03 09:48:44,365 - INFO - edit_date.py - edit_date - edit_date - 1/21完了
2021-09-03 09:48:45,636 - INFO - edit_date.py - edit_date - edit_date - Message: element not interactable
  (Session info: chrome=92.0.4515.159)

2021-09-03 09:54:58,766 - INFO - edit_date.py - edit_date - login - ログインしました
2021-09-03 09:55:04,508 - INFO - edit_date.py - edit_date - edit_date - 出品管理へ遷移しました
2021-09-03 09:55:11,560 - INFO - edit_date.py - edit_date - edit_date - 日付変更処理が開始されました
2021-09-03 09:55:15,319 - INFO - edit_date.py - edit_date - edit_date - 1/21完了
2021-09-03 09:55:16,423 - INFO - edit_date.py - edit_date - edit_date - Message: element click intercepted: Element <a href="javascript:;" class="_item_edit_yukodate" data-syo-id="73447323" data-syo-updnumber="1" data-vt="/vt/my/buyeritems/edit/date/73447323">...</a> is not clickable at point (1280, 543). Other element would receive the click: <a class="ui-state-default" href="#">...</a>
  (Session info: chrome=92.0.4515.159)

2021-09-03 10:03:16,854 - INFO - edit_date.py - edit_date - login - ログインしました
2021-09-03 10:03:23,132 - INFO - edit_date.py - edit_date - edit_date - 出品管理へ遷移しました
2021-09-03 10:03:30,358 - INFO - edit_date.py - edit_date - edit_date - 日付変更処理が開始されました
2021-09-03 10:03:34,233 - INFO - edit_date.py - edit_date - edit_date - 1/21完了
2021-09-03 10:03:35,451 - INFO - edit_date.py - edit_date - edit_date - Message: element not interactable
  (Session info: chrome=92.0.4515.159)

2021-09-03 10:10:21,030 - INFO - edit_date.py - edit_date - login - ログインしました
2021-09-03 10:10:26,592 - INFO - edit_date.py - edit_date - edit_date - 出品管理へ遷移しました
2021-09-03 10:10:34,435 - INFO - edit_date.py - edit_date - edit_date - 日付変更処理が開始されました
2021-09-03 10:10:38,458 - INFO - edit_date.py - edit_date - edit_date - 1/21完了
2021-09-03 10:10:39,684 - INFO - edit_date.py - edit_date - edit_date - Message: element not interactable
  (Session info: chrome=92.0.4515.159)

2021-09-03 10:11:31,068 - INFO - edit_date.py - edit_date - login - ログインしました
2021-09-03 10:11:37,483 - INFO - edit_date.py - edit_date - edit_date - 出品管理へ遷移しました
2021-09-03 10:11:44,614 - INFO - edit_date.py - edit_date - edit_date - 日付変更処理が開始されました
2021-09-03 10:11:48,551 - INFO - edit_date.py - edit_date - edit_date - 1/21完了
2021-09-03 10:11:49,778 - INFO - edit_date.py - edit_date - edit_date - Message: element not interactable
  (Session info: chrome=92.0.4515.159)

2021-09-03 10:17:40,078 - INFO - edit_date.py - edit_date - login - ログインしました
2021-09-03 10:17:45,130 - INFO - edit_date.py - edit_date - edit_date - 出品管理へ遷移しました
2021-09-03 10:17:52,189 - INFO - edit_date.py - edit_date - edit_date - 日付変更処理が開始されました
2021-09-03 10:17:56,815 - INFO - edit_date.py - edit_date - edit_date - 1/21完了
2021-09-03 10:17:58,024 - INFO - edit_date.py - edit_date - edit_date - Message: element not interactable
  (Session info: chrome=92.0.4515.159)

2021-09-03 12:18:33,721 - INFO - edit_date.py - edit_date - login - Message: chrome not reachable
  (Session info: chrome=92.0.4515.159)

2021-09-03 12:18:43,890 - INFO - edit_date.py - edit_date - edit_date - HTTPConnectionPool(host='127.0.0.1', port=53902): Max retries exceeded with url: /session/4988013b7da6861105940f480d799562/url (Caused by NewConnectionError('<urllib3.connection.HTTPConnection object at 0x0000029B47841EE0>: Failed to establish a new connection: [WinError 10061] 対象のコンピューターによって拒否されたため、接続できませんでした。'))
2021-09-03 12:26:35,358 - INFO - edit_date.py - edit_date - login - ログインしました
2021-09-03 12:26:38,365 - INFO - edit_date.py - edit_date - edit_date - unsupported operand type(s) for -: 'str' and 'str'
2021-09-03 12:30:17,148 - INFO - edit_date.py - edit_date - login - ログインしました
2021-09-03 12:30:20,158 - INFO - edit_date.py - edit_date - edit_date - unsupported operand type(s) for -: 'str' and 'int'
2021-09-03 12:31:08,506 - INFO - edit_date.py - edit_date - login - ログインしました
2021-09-03 12:31:15,736 - INFO - edit_date.py - edit_date - edit_date - 出品管理へ遷移しました
2021-09-03 12:31:23,315 - INFO - edit_date.py - edit_date - edit_date - 日付変更処理が開始されました
2021-09-03 12:31:25,815 - INFO - edit_date.py - edit_date - edit_date - 1/21完了
2021-09-03 12:31:25,827 - INFO - edit_date.py - edit_date - edit_date - Alert Text: 編集不可な商品のため更新できません。

Message: unexpected alert open: {Alert text : 編集不可な商品のため更新できません。
}
  (Session info: chrome=92.0.4515.159)

2021-09-03 12:34:10,426 - INFO - edit_date.py - edit_date - login - ログインしました
2021-09-03 12:34:15,821 - INFO - edit_date.py - edit_date - edit_date - 出品管理へ遷移しました
2021-09-03 12:34:23,278 - INFO - edit_date.py - edit_date - edit_date - 日付変更処理が開始されました
2021-09-03 12:34:24,623 - INFO - edit_date.py - edit_date - edit_date - Message: no such element: Unable to locate element: {"method":"xpath","selector":"//a[@title='次']"}
  (Session info: chrome=92.0.4515.159)

2021-09-03 12:36:06,893 - INFO - edit_date.py - edit_date - login - ログインしました
2021-09-03 12:36:10,584 - INFO - edit_date.py - edit_date - edit_date - Message: unknown error: cannot determine loading status
from disconnected: received Inspector.detached event
  (Session info: chrome=92.0.4515.159)

2021-09-03 12:36:55,985 - INFO - edit_date.py - edit_date - login - ログインしました
2021-09-03 12:37:01,048 - INFO - edit_date.py - edit_date - edit_date - 出品管理へ遷移しました
2021-09-03 12:37:08,074 - INFO - edit_date.py - edit_date - edit_date - 日付変更処理が開始されました
2021-09-03 12:37:09,453 - INFO - edit_date.py - edit_date - edit_date - Message: invalid selector: Unable to locate an element with the xpath expression //a[text()'次>'] because of the following error:
SyntaxError: Failed to execute 'evaluate' on 'Document': The string '//a[text()'次>']' is not a valid XPath expression.
  (Session info: chrome=92.0.4515.159)

2021-09-03 12:41:05,154 - INFO - edit_date.py - edit_date - login - ログインしました
2021-09-03 12:41:10,463 - INFO - edit_date.py - edit_date - edit_date - 出品管理へ遷移しました
2021-09-03 12:41:17,567 - INFO - edit_date.py - edit_date - edit_date - 日付変更処理が開始されました
2021-09-03 12:41:21,217 - INFO - edit_date.py - edit_date - edit_date - 1/21完了
2021-09-03 12:41:21,227 - INFO - edit_date.py - edit_date - edit_date - Alert Text: 編集不可な商品のため更新できません。

Message: unexpected alert open: {Alert text : 編集不可な商品のため更新できません。
}
  (Session info: chrome=92.0.4515.159)

2021-09-03 13:46:33,690 - INFO - edit_date.py - edit_date - login - ログインしました
2021-09-03 13:46:37,741 - INFO - edit_date.py - edit_date - edit_date - 出品管理へ遷移しました
2021-09-03 13:46:52,833 - INFO - edit_date.py - edit_date - edit_date - Message: chrome not reachable
  (Session info: chrome=92.0.4515.159)

2021-09-03 13:47:35,875 - INFO - edit_date.py - edit_date - login - ログインしました
2021-09-03 13:47:42,661 - INFO - edit_date.py - edit_date - edit_date - 出品管理へ遷移しました
2021-09-03 13:47:49,046 - INFO - edit_date.py - edit_date - edit_date - 日付変更処理が開始されました
2021-09-03 13:47:49,059 - INFO - edit_date.py - edit_date - edit_date - 'tuple' object has no attribute 'click'
2021-09-03 13:49:53,516 - INFO - edit_date.py - edit_date - login - ログインしました
2021-09-03 13:49:59,260 - INFO - edit_date.py - edit_date - edit_date - 出品管理へ遷移しました
2021-09-03 13:50:05,937 - INFO - edit_date.py - edit_date - edit_date - 日付変更処理が開始されました
2021-09-03 13:50:05,950 - INFO - edit_date.py - edit_date - edit_date - 'tuple' object has no attribute 'click'
2021-09-03 13:54:48,855 - INFO - edit_date.py - edit_date - login - ログインしました
2021-09-03 13:54:55,504 - INFO - edit_date.py - edit_date - edit_date - 出品管理へ遷移しました
2021-09-03 13:55:02,150 - INFO - edit_date.py - edit_date - edit_date - 日付変更処理が開始されました
2021-09-03 13:55:06,580 - INFO - edit_date.py - edit_date - edit_date - 1/2完了
2021-09-03 13:55:06,599 - INFO - edit_date.py - edit_date - edit_date - Alert Text: 編集不可な商品のため更新できません。

Message: unexpected alert open: {Alert text : 編集不可な商品のため更新できません。
}
  (Session info: chrome=92.0.4515.159)

2021-09-03 13:56:46,952 - INFO - edit_date.py - edit_date - login - ログインしました
2021-09-03 13:56:52,622 - INFO - edit_date.py - edit_date - edit_date - 出品管理へ遷移しました
2021-09-03 13:56:59,582 - INFO - edit_date.py - edit_date - edit_date - 日付変更処理が開始されました
2021-09-03 13:57:08,059 - INFO - edit_date.py - edit_date - edit_date - 1/2完了
2021-09-03 13:57:16,456 - INFO - edit_date.py - edit_date - edit_date - 2/2完了
2021-09-03 13:57:16,477 - INFO - edit_date.py - edit_date - edit_date - 処理が完了しました
2021-09-03 14:24:05,564 - INFO - edit_date.py - edit_date - login - ログインしました
2021-09-03 14:24:12,169 - INFO - edit_date.py - edit_date - edit_date - 出品管理へ遷移しました
2021-09-03 14:24:19,257 - INFO - edit_date.py - edit_date - edit_date - 日付変更処理が開始されました
2021-09-03 14:24:22,582 - INFO - edit_date.py - edit_date - edit_date - 1/2完了
2021-09-03 14:24:25,934 - INFO - edit_date.py - edit_date - edit_date - 2/2完了
2021-09-03 14:24:25,939 - INFO - edit_date.py - edit_date - edit_date - Alert Text: 編集不可な商品のため更新できません。

Message: unexpected alert open: {Alert text : 編集不可な商品のため更新できません。
}
  (Session info: chrome=92.0.4515.159)

2021-09-03 14:47:35,368 - INFO - edit_date.py - edit_date - login - ログインしました
2021-09-03 14:47:42,371 - INFO - edit_date.py - edit_date - edit_date - 出品管理へ遷移しました
2021-09-03 14:47:52,353 - INFO - edit_date.py - edit_date - edit_date - 日付変更処理が開始されました
2021-09-03 14:47:56,771 - INFO - edit_date.py - edit_date - edit_date - 1/2完了
2021-09-03 14:47:56,808 - INFO - edit_date.py - edit_date - edit_date - Alert Text: 編集不可な商品のため更新できません。

Message: unexpected alert open: {Alert text : 編集不可な商品のため更新できません。
}
  (Session info: chrome=92.0.4515.159)

2021-09-03 14:48:59,768 - INFO - edit_date.py - edit_date - login - ログインしました
2021-09-03 14:49:06,550 - INFO - edit_date.py - edit_date - edit_date - 出品管理へ遷移しました
2021-09-03 14:49:13,768 - INFO - edit_date.py - edit_date - edit_date - 日付変更処理が開始されました
2021-09-03 14:49:17,119 - INFO - edit_date.py - edit_date - edit_date - 1/2完了
2021-09-03 14:49:17,127 - INFO - edit_date.py - edit_date - edit_date - Alert Text: 編集不可な商品のため更新できません。

Message: unexpected alert open: {Alert text : 編集不可な商品のため更新できません。
}
  (Session info: chrome=92.0.4515.159)

2021-09-03 15:25:51,773 - INFO - edit_date.py - edit_date - login - ログインしました
2021-09-03 15:25:57,742 - INFO - edit_date.py - edit_date - edit_date - 出品管理へ遷移しました
2021-09-03 15:26:04,166 - INFO - edit_date.py - edit_date - edit_date - 日付変更処理が開始されました
2021-09-03 15:26:07,531 - INFO - edit_date.py - edit_date - operate_calendar - 1/2完了
2021-09-03 15:26:10,848 - INFO - edit_date.py - edit_date - operate_calendar - 2/2完了
2021-09-03 15:26:10,880 - INFO - edit_date.py - edit_date - edit_date - 処理が完了しました
2021-09-03 17:11:57,237 - INFO - edit_date.py - edit_date - login - ログインしました
2021-09-03 17:12:15,657 - INFO - edit_date.py - edit_date - edit_date - リクエスト受付中ページへ遷移しました
2021-09-03 17:12:23,308 - INFO - edit_date.py - edit_date - edit_date - 日付変更処理が開始されました
2021-09-03 17:12:26,781 - INFO - edit_date.py - edit_date - operate_calendar - 1/5完了
2021-09-03 17:12:30,336 - INFO - edit_date.py - edit_date - operate_calendar - 2/5完了
2021-09-03 17:12:33,939 - INFO - edit_date.py - edit_date - operate_calendar - 3/5完了
2021-09-03 17:12:37,627 - INFO - edit_date.py - edit_date - operate_calendar - 4/5完了
2021-09-03 17:12:41,219 - INFO - edit_date.py - edit_date - operate_calendar - 5/5完了
2021-09-03 17:12:41,270 - INFO - edit_date.py - edit_date - edit_date - 処理が完了しました
2021-09-03 17:28:23,529 - INFO - edit_date.py - edit_date - login - ログインしました
2021-09-03 17:28:32,351 - INFO - edit_date.py - edit_date - edit_date - リクエスト受付中ページへ遷移しました
2021-09-03 17:28:35,411 - INFO - edit_date.py - edit_date - edit_date - Message: no such element: Unable to locate element: {"method":"css selector","selector":".js-row-count-options"}
  (Session info: chrome=92.0.4515.159)

2021-09-03 17:31:06,601 - INFO - edit_date.py - edit_date - login - ログインしました
2021-09-03 17:31:23,929 - INFO - edit_date.py - edit_date - edit_date - リクエスト受付中ページへ遷移しました
2021-09-03 17:31:36,298 - INFO - edit_date.py - edit_date - edit_date - 日付変更処理が開始されました
2021-09-03 17:31:39,883 - INFO - edit_date.py - edit_date - operate_calendar - 1/5完了
2021-09-03 17:31:43,458 - INFO - edit_date.py - edit_date - operate_calendar - 2/5完了
2021-09-03 17:31:44,662 - INFO - edit_date.py - edit_date - edit_date - Message: element click intercepted: Element <a href="javascript:;" class="_item_edit_yukodate" data-syo-id="73509296" data-syo-updnumber="4" data-vt="/vt/my/buyeritems/edit/date/73509296">...</a> is not clickable at point (1198, 858). Other element would receive the click: <div class="_overlay" style="position:fixed; top:0; left:0; width:100%; height:100%; z-index:1200; background-color:rgba(200,200,200,0.3);"></div>
  (Session info: chrome=92.0.4515.159)

2021-09-03 17:40:05,584 - INFO - edit_date.py - edit_date - login - ログインしました
2021-09-03 17:40:16,406 - INFO - edit_date.py - edit_date - edit_date - リクエスト受付中ページへ遷移しました
2021-09-03 17:41:03,623 - INFO - edit_date.py - edit_date - login - ログインしました
2021-09-03 17:41:23,769 - INFO - edit_date.py - edit_date - edit_date - Message: chrome not reachable
  (Session info: chrome=92.0.4515.159)

2021-09-03 17:43:04,256 - INFO - edit_date.py - edit_date - login - ログインしました
2021-09-03 17:43:14,302 - INFO - edit_date.py - edit_date - edit_date - リクエスト受付中ページへ遷移しました
2021-09-03 17:43:17,353 - INFO - edit_date.py - edit_date - edit_date - Message: no such element: Unable to locate element: {"method":"css selector","selector":".js-row-count-options"}
  (Session info: headless chrome=92.0.4515.159)

2021-09-03 17:44:46,583 - INFO - edit_date.py - edit_date - login - ログインしました
2021-09-03 17:44:57,854 - INFO - edit_date.py - edit_date - edit_date - リクエスト受付中ページへ遷移しました
2021-09-03 17:45:05,345 - INFO - edit_date.py - edit_date - edit_date - 日付変更処理が開始されました
2021-09-03 17:45:08,891 - INFO - edit_date.py - edit_date - operate_calendar - 1/5完了
2021-09-03 17:45:12,707 - INFO - edit_date.py - edit_date - operate_calendar - 2/5完了
2021-09-03 17:45:16,220 - INFO - edit_date.py - edit_date - operate_calendar - 3/5完了
2021-09-03 17:45:58,447 - INFO - edit_date.py - edit_date - login - ログインしました
2021-09-03 17:46:08,896 - INFO - edit_date.py - edit_date - edit_date - リクエスト受付中ページへ遷移しました
2021-09-03 17:46:11,935 - INFO - edit_date.py - edit_date - edit_date - Message: no such element: Unable to locate element: {"method":"css selector","selector":".js-row-count-options"}
  (Session info: headless chrome=92.0.4515.159)

2021-09-03 18:18:48,710 - INFO - edit_date.py - edit_date - login - ログインしました
2021-09-03 18:19:01,297 - INFO - edit_date.py - edit_date - edit_date - リクエスト受付中ページへ遷移しました
2021-09-03 18:19:08,375 - INFO - edit_date.py - edit_date - edit_date - 日付変更処理が開始されました
2021-09-03 18:19:09,602 - INFO - edit_date.py - edit_date - edit_date - 'list' object has no attribute 'text'
2021-09-03 18:20:11,360 - INFO - edit_date.py - edit_date - login - ログインしました
2021-09-03 18:20:22,070 - INFO - edit_date.py - edit_date - edit_date - リクエスト受付中ページへ遷移しました
2021-09-03 18:20:29,781 - INFO - edit_date.py - edit_date - edit_date - 日付変更処理が開始されました
2021-09-03 18:20:31,099 - INFO - edit_date.py - edit_date - edit_date - 'str' object is not callable
2021-09-03 18:26:16,078 - INFO - edit_date.py - edit_date - login - ログインしました
2021-09-03 18:26:26,443 - INFO - edit_date.py - edit_date - edit_date - リクエスト受付中ページへ遷移しました
2021-09-03 18:26:33,367 - INFO - edit_date.py - edit_date - edit_date - 日付変更処理が開始されました
2021-09-03 18:26:34,661 - INFO - edit_date.py - edit_date - edit_date - 'str' object is not callable
2021-09-03 18:29:43,884 - INFO - edit_date.py - edit_date - login - ログインしました
2021-09-03 18:29:56,136 - INFO - edit_date.py - edit_date - edit_date - リクエスト受付中ページへ遷移しました
2021-09-03 18:30:03,261 - INFO - edit_date.py - edit_date - edit_date - 日付変更処理が開始されました
2021-09-03 18:30:04,546 - INFO - edit_date.py - edit_date - edit_date - 'str' object is not callable
2021-09-03 18:32:11,775 - INFO - edit_date.py - edit_date - login - ログインしました
2021-09-03 18:32:22,564 - INFO - edit_date.py - edit_date - edit_date - リクエスト受付中ページへ遷移しました
2021-09-03 18:32:29,557 - INFO - edit_date.py - edit_date - edit_date - 日付変更処理が開始されました
2021-09-03 18:32:30,845 - INFO - edit_date.py - edit_date - edit_date - 'str' object is not callable
2021-09-03 18:36:10,920 - INFO - edit_date.py - edit_date - login - ログインしました
2021-09-03 18:36:21,687 - INFO - edit_date.py - edit_date - edit_date - リクエスト受付中ページへ遷移しました
2021-09-03 18:36:28,705 - INFO - edit_date.py - edit_date - edit_date - 日付変更処理が開始されました
2021-09-03 18:36:30,082 - INFO - edit_date.py - edit_date - edit_date - 'str' object is not callable
2021-09-03 18:37:33,779 - INFO - edit_date.py - edit_date - login - ログインしました
2021-09-03 18:37:43,913 - INFO - edit_date.py - edit_date - edit_date - リクエスト受付中ページへ遷移しました
2021-09-03 18:37:51,915 - INFO - edit_date.py - edit_date - edit_date - 日付変更処理が開始されました
2021-09-03 18:37:53,191 - INFO - edit_date.py - edit_date - edit_date - 'str' object is not callable
2021-09-03 18:40:32,290 - INFO - edit_date.py - edit_date - login - ログインしました
2021-09-03 18:40:44,202 - INFO - edit_date.py - edit_date - edit_date - リクエスト受付中ページへ遷移しました
2021-09-03 18:40:51,324 - INFO - edit_date.py - edit_date - edit_date - 日付変更処理が開始されました
2021-09-03 18:40:56,026 - INFO - edit_date.py - edit_date - edit_date - 1/5完了
2021-09-03 18:40:59,484 - INFO - edit_date.py - edit_date - edit_date - Message: no such window: target window already closed
from unknown error: web view not found
  (Session info: chrome=92.0.4515.159)

2021-09-03 18:43:03,603 - INFO - edit_date.py - edit_date - login - ログインしました
2021-09-03 18:43:14,132 - INFO - edit_date.py - edit_date - edit_date - リクエスト受付中ページへ遷移しました
2021-09-03 18:43:21,701 - INFO - edit_date.py - edit_date - edit_date - 日付変更処理が開始されました
2021-09-03 18:43:23,003 - INFO - edit_date.py - edit_date - edit_date - 'str' object is not callable
2021-09-03 18:46:28,664 - INFO - edit_date.py - edit_date - login - ログインしました
2021-09-03 18:46:42,715 - INFO - edit_date.py - edit_date - edit_date - リクエスト受付中ページへ遷移しました
2021-09-03 18:46:50,234 - INFO - edit_date.py - edit_date - edit_date - 日付変更処理が開始されました
2021-09-03 18:46:53,788 - INFO - edit_date.py - edit_date - edit_date - Message: no such element: Unable to locate element: {"method":"xpath","selector":"//a[contains(@href,"#") and text()=3]"}
  (Session info: chrome=92.0.4515.159)

2021-09-03 18:49:04,345 - INFO - edit_date.py - edit_date - login - ログインしました
2021-09-03 18:49:15,720 - INFO - edit_date.py - edit_date - edit_date - リクエスト受付中ページへ遷移しました
2021-09-03 18:49:22,547 - INFO - edit_date.py - edit_date - edit_date - 日付変更処理が開始されました
2021-09-03 18:49:27,279 - INFO - edit_date.py - edit_date - edit_date - 1/5完了
2021-09-03 18:49:43,160 - INFO - edit_date.py - edit_date - edit_date - Message: chrome not reachable
  (Session info: chrome=92.0.4515.159)

2021-09-03 18:50:36,410 - INFO - edit_date.py - edit_date - login - ログインしました
2021-09-03 18:50:49,122 - INFO - edit_date.py - edit_date - edit_date - リクエスト受付中ページへ遷移しました
2021-09-03 18:50:56,214 - INFO - edit_date.py - edit_date - edit_date - 日付変更処理が開始されました
2021-09-03 18:50:57,456 - INFO - edit_date.py - edit_date - edit_date - 'NoneType' object has no attribute 'group'
2021-09-03 18:53:54,438 - INFO - edit_date.py - edit_date - login - ログインしました
2021-09-03 18:54:06,620 - INFO - edit_date.py - edit_date - edit_date - リクエスト受付中ページへ遷移しました
2021-09-03 18:54:14,313 - INFO - edit_date.py - edit_date - edit_date - 日付変更処理が開始されました
2021-09-03 18:54:19,053 - INFO - edit_date.py - edit_date - edit_date - 1/5完了
2021-09-03 18:54:34,925 - INFO - edit_date.py - edit_date - edit_date - Message: chrome not reachable
  (Session info: chrome=92.0.4515.159)

2021-09-03 18:59:51,353 - INFO - edit_date.py - edit_date - login - ログインしました
2021-09-03 19:00:02,030 - INFO - edit_date.py - edit_date - edit_date - リクエスト受付中ページへ遷移しました
2021-09-03 19:00:09,429 - INFO - edit_date.py - edit_date - edit_date - 日付変更処理が開始されました
2021-09-03 19:00:10,727 - INFO - edit_date.py - edit_date - edit_date - 'NoneType' object has no attribute 'group'
2021-09-03 19:04:35,323 - INFO - edit_date.py - edit_date - login - ログインしました
2021-09-03 19:04:45,910 - INFO - edit_date.py - edit_date - edit_date - リクエスト受付中ページへ遷移しました
2021-09-03 19:04:53,387 - INFO - edit_date.py - edit_date - edit_date - 日付変更処理が開始されました
2021-09-03 19:04:57,268 - INFO - edit_date.py - edit_date - edit_date - Message: no such element: Unable to locate element: {"method":"xpath","selector":"//a[contains(@href,"#") and text()=2]"}
  (Session info: chrome=92.0.4515.159)

2021-09-03 19:06:48,488 - INFO - edit_date.py - edit_date - login - ログインしました
2021-09-03 19:07:05,844 - INFO - edit_date.py - edit_date - edit_date - リクエスト受付中ページへ遷移しました
2021-09-03 19:07:08,902 - INFO - edit_date.py - edit_date - edit_date - Message: no such element: Unable to locate element: {"method":"css selector","selector":".js-row-count-options"}
  (Session info: chrome=92.0.4515.159)

2021-09-03 19:07:44,580 - INFO - edit_date.py - edit_date - login - ログインしました
2021-09-03 19:07:57,811 - INFO - edit_date.py - edit_date - edit_date - リクエスト受付中ページへ遷移しました
2021-09-03 19:08:04,435 - INFO - edit_date.py - edit_date - edit_date - 日付変更処理が開始されました
2021-09-03 19:08:08,041 - INFO - edit_date.py - edit_date - edit_date - 1/5完了
2021-09-03 19:08:10,418 - INFO - edit_date.py - edit_date - edit_date - 2/5完了
2021-09-03 19:08:14,164 - INFO - edit_date.py - edit_date - edit_date - 3/5完了
2021-09-03 19:08:18,019 - INFO - edit_date.py - edit_date - edit_date - 4/5完了
2021-09-03 19:08:22,588 - INFO - edit_date.py - edit_date - edit_date - 5/5完了
2021-09-03 19:08:22,666 - INFO - edit_date.py - edit_date - edit_date - 処理が完了しました
2021-09-03 19:13:30,595 - INFO - edit_date.py - edit_date - login - ログインしました
2021-09-03 19:13:40,784 - INFO - edit_date.py - edit_date - edit_date - リクエスト受付中ページへ遷移しました
2021-09-03 19:13:43,834 - INFO - edit_date.py - edit_date - edit_date - Message: no such element: Unable to locate element: {"method":"css selector","selector":".js-row-count-options"}
  (Session info: headless chrome=92.0.4515.159)

2021-09-03 19:14:21,725 - INFO - edit_date.py - edit_date - login - ログインしました
2021-09-03 19:14:32,061 - INFO - edit_date.py - edit_date - edit_date - リクエスト受付中ページへ遷移しました
2021-09-03 19:14:35,121 - INFO - edit_date.py - edit_date - edit_date - Message: no such element: Unable to locate element: {"method":"css selector","selector":".js-row-count-options"}
  (Session info: headless chrome=92.0.4515.159)

2021-09-03 19:19:47,673 - INFO - edit_date.py - edit_date - login - ログインしました
2021-09-03 19:19:58,637 - INFO - edit_date.py - edit_date - edit_date - リクエスト受付中ページへ遷移しました
2021-09-03 19:20:05,787 - INFO - edit_date.py - edit_date - edit_date - 日付変更処理が開始されました
2021-09-03 19:20:09,341 - INFO - edit_date.py - edit_date - operate_calender - 1/5完了
2021-09-03 19:20:12,913 - INFO - edit_date.py - edit_date - operate_calender - 2/5完了
2021-09-03 19:20:16,617 - INFO - edit_date.py - edit_date - operate_calender - 3/5完了
2021-09-03 19:20:17,766 - INFO - edit_date.py - edit_date - edit_date - Message: no such window: target window already closed
from unknown error: web view not found
  (Session info: chrome=92.0.4515.159)

